This is pdfTeX, Version 3.141592653-2.6-1.40.25 (TeX Live 2023) (preloaded format=pdflatex 2023.9.22)  22 SEP 2023 18:26
entering extended mode
 restricted \write18 enabled.
 %&-line parsing enabled.
**access.tex
(./access.tex
LaTeX2e <2022-11-01> patch level 1
L3 programming layer <2023-02-22> (./ieeeaccess.cls (./IEEEtran.cls
Document Class: IEEEtran 2015/08/26 V1.8b by Michael Shell
-- See the "IEEEtran_HOWTO" manual for usage information.
-- http://www.michaelshell.org/tex/ieeetran/
\@IEEEtrantmpdimenA=\dimen140
\@IEEEtrantmpdimenB=\dimen141
\@IEEEtrantmpdimenC=\dimen142
\@IEEEtrantmpcountA=\count185
\@IEEEtrantmpcountB=\count186
\@IEEEtrantmpcountC=\count187
\@IEEEtrantmptoksA=\toks16
LaTeX Font Info:    Trying to load font information for OT1+ptm on input line 5
03.
(c:/texlive/2023/texmf-dist/tex/latex/psnfss/ot1ptm.fd
File: ot1ptm.fd 2001/06/04 font definitions for OT1/ptm.
)
-- Using 8.5in x 11in (letter) paper.
-- Using PDF output.
\@IEEEnormalsizeunitybaselineskip=\dimen143
-- This is a 10 point document.
\CLASSINFOnormalsizebaselineskip=\dimen144
\CLASSINFOnormalsizeunitybaselineskip=\dimen145
\IEEEnormaljot=\dimen146
LaTeX Font Info:    Font shape `OT1/ptm/bx/n' in size <5> not available
(Font)              Font shape `OT1/ptm/b/n' tried instead on input line 1090.
LaTeX Font Info:    Font shape `OT1/ptm/bx/it' in size <5> not available
(Font)              Font shape `OT1/ptm/b/it' tried instead on input line 1090.

LaTeX Font Info:    Font shape `OT1/ptm/bx/n' in size <7> not available
(Font)              Font shape `OT1/ptm/b/n' tried instead on input line 1090.
LaTeX Font Info:    Font shape `OT1/ptm/bx/it' in size <7> not available
(Font)              Font shape `OT1/ptm/b/it' tried instead on input line 1090.

LaTeX Font Info:    Font shape `OT1/ptm/bx/n' in size <8> not available
(Font)              Font shape `OT1/ptm/b/n' tried instead on input line 1090.
LaTeX Font Info:    Font shape `OT1/ptm/bx/it' in size <8> not available
(Font)              Font shape `OT1/ptm/b/it' tried instead on input line 1090.

LaTeX Font Info:    Font shape `OT1/ptm/bx/n' in size <9> not available
(Font)              Font shape `OT1/ptm/b/n' tried instead on input line 1090.
LaTeX Font Info:    Font shape `OT1/ptm/bx/it' in size <9> not available
(Font)              Font shape `OT1/ptm/b/it' tried instead on input line 1090.

LaTeX Font Info:    Font shape `OT1/ptm/bx/n' in size <10> not available
(Font)              Font shape `OT1/ptm/b/n' tried instead on input line 1090.
LaTeX Font Info:    Font shape `OT1/ptm/bx/it' in size <10> not available
(Font)              Font shape `OT1/ptm/b/it' tried instead on input line 1090.

LaTeX Font Info:    Font shape `OT1/ptm/bx/n' in size <11> not available
(Font)              Font shape `OT1/ptm/b/n' tried instead on input line 1090.
LaTeX Font Info:    Font shape `OT1/ptm/bx/it' in size <11> not available
(Font)              Font shape `OT1/ptm/b/it' tried instead on input line 1090.

LaTeX Font Info:    Font shape `OT1/ptm/bx/n' in size <12> not available
(Font)              Font shape `OT1/ptm/b/n' tried instead on input line 1090.
LaTeX Font Info:    Font shape `OT1/ptm/bx/it' in size <12> not available
(Font)              Font shape `OT1/ptm/b/it' tried instead on input line 1090.

LaTeX Font Info:    Font shape `OT1/ptm/bx/n' in size <17> not available
(Font)              Font shape `OT1/ptm/b/n' tried instead on input line 1090.
LaTeX Font Info:    Font shape `OT1/ptm/bx/it' in size <17> not available
(Font)              Font shape `OT1/ptm/b/it' tried instead on input line 1090.

LaTeX Font Info:    Font shape `OT1/ptm/bx/n' in size <20> not available
(Font)              Font shape `OT1/ptm/b/n' tried instead on input line 1090.
LaTeX Font Info:    Font shape `OT1/ptm/bx/it' in size <20> not available
(Font)              Font shape `OT1/ptm/b/it' tried instead on input line 1090.

LaTeX Font Info:    Font shape `OT1/ptm/bx/n' in size <24> not available
(Font)              Font shape `OT1/ptm/b/n' tried instead on input line 1090.
LaTeX Font Info:    Font shape `OT1/ptm/bx/it' in size <24> not available
(Font)              Font shape `OT1/ptm/b/it' tried instead on input line 1090.

\IEEEquantizedlength=\dimen147
\IEEEquantizedlengthdiff=\dimen148
\IEEEquantizedtextheightdiff=\dimen149
\IEEEilabelindentA=\dimen150
\IEEEilabelindentB=\dimen151
\IEEEilabelindent=\dimen152
\IEEEelabelindent=\dimen153
\IEEEdlabelindent=\dimen154
\IEEElabelindent=\dimen155
\IEEEiednormlabelsep=\dimen156
\IEEEiedmathlabelsep=\dimen157
\IEEEiedtopsep=\skip48
\c@section=\count188
\c@subsection=\count189
\c@subsubsection=\count190
\c@paragraph=\count191
\c@IEEEsubequation=\count192
\abovecaptionskip=\skip49
\belowcaptionskip=\skip50
\c@figure=\count193
\c@table=\count194
\@IEEEeqnnumcols=\count195
\@IEEEeqncolcnt=\count196
\@IEEEsubeqnnumrollback=\count197
\@IEEEquantizeheightA=\dimen158
\@IEEEquantizeheightB=\dimen159
\@IEEEquantizeheightC=\dimen160
\@IEEEquantizeprevdepth=\dimen161
\@IEEEquantizemultiple=\count198
\@IEEEquantizeboxA=\box51
\@IEEEtmpitemindent=\dimen162
\IEEEPARstartletwidth=\dimen163
\c@IEEEbiography=\count199
\@IEEEtranrubishbin=\box52
) (c:/texlive/2023/texmf-dist/tex/generic/iftex/ifpdf.sty
Package: ifpdf 2019/10/25 v3.4 ifpdf legacy package. Use iftex instead.

(c:/texlive/2023/texmf-dist/tex/generic/iftex/iftex.sty
Package: iftex 2022/02/03 v1.0f TeX engine tests
))
(c:/texlive/2023/texmf-dist/tex/latex/xkeyval/xkeyval.sty
Package: xkeyval 2022/06/16 v2.9 package option processing (HA)

(c:/texlive/2023/texmf-dist/tex/generic/xkeyval/xkeyval.tex
(c:/texlive/2023/texmf-dist/tex/generic/xkeyval/xkvutils.tex
\XKV@toks=\toks17
\XKV@tempa@toks=\toks18

(c:/texlive/2023/texmf-dist/tex/generic/xkeyval/keyval.tex))
\XKV@depth=\count266
File: xkeyval.tex 2014/12/03 v2.7a key=value parser (HA)
)){c:/texlive/2023/texmf-var/fonts/map/pdftex/updmap/pdftex.map}

pdfTeX warning: pdflatex.exe (file t1-times.map): cannot open font map file


pdfTeX warning: pdflatex.exe (file t1-formata.map): cannot open font map file


pdfTeX warning: pdflatex.exe (file t1-giovannistd.map): cannot open font map fi
le
\@draftversionrule=\dimen164
(c:/texlive/2023/texmf-dist/tex/latex/graphics/color.sty
Package: color 2022/01/06 v1.3d Standard LaTeX Color (DPC)

(c:/texlive/2023/texmf-dist/tex/latex/graphics-cfg/color.cfg
File: color.cfg 2016/01/02 v1.6 sample color configuration
)
Package color Info: Driver file: pdftex.def on input line 149.

(c:/texlive/2023/texmf-dist/tex/latex/graphics-def/pdftex.def
File: pdftex.def 2022/09/22 v1.2b Graphics/color driver for pdftex
)
(c:/texlive/2023/texmf-dist/tex/latex/graphics/mathcolor.ltx))
(c:/texlive/2023/texmf-dist/tex/latex/spotcolor/spotcolor.sty
Package: spotcolor 2006/11/15 v1.2 Package for adding Spot Color support to pdf
LaTeX.

(c:/texlive/2023/texmf-dist/tex/latex/graphics/graphics.sty
Package: graphics 2022/03/10 v1.4e Standard LaTeX Graphics (DPC,SPQR)

(c:/texlive/2023/texmf-dist/tex/latex/graphics/trig.sty
Package: trig 2021/08/11 v1.11 sin cos tan (DPC)
)
(c:/texlive/2023/texmf-dist/tex/latex/graphics-cfg/graphics.cfg
File: graphics.cfg 2016/06/04 v1.11 sample graphics configuration
)
Package graphics Info: Driver file: pdftex.def on input line 107.
)
\thecolorprofile=\count267
\thecolor=\count268
)
\PANTONE=\toks19
Package color Info: Redefining color black on input line 135.
\figbox=\box53
\titlewidth=\skip51
\abstractwidth=\skip52
\c@addrCtr=\count269
\abstractbox=\box54
\indexbox=\box55
\absht=\dimen165
\kwdht=\dimen166
\@tempcntc=\count270
\titlepgskip=\skip53
\maketitlebox=\box56
)
(c:/texlive/2023/texmf-dist/tex/latex/cite/cite.sty
LaTeX Info: Redefining \cite on input line 302.
LaTeX Info: Redefining \nocite on input line 332.
Package: cite 2015/02/27  v 5.5
)
(c:/texlive/2023/texmf-dist/tex/latex/amsmath/amsmath.sty
Package: amsmath 2022/04/08 v2.17n AMS math features
\@mathmargin=\skip54

For additional information on amsmath, use the `?' option.
(c:/texlive/2023/texmf-dist/tex/latex/amsmath/amstext.sty
Package: amstext 2021/08/26 v2.01 AMS text

(c:/texlive/2023/texmf-dist/tex/latex/amsmath/amsgen.sty
File: amsgen.sty 1999/11/30 v2.0 generic functions
\@emptytoks=\toks20
\ex@=\dimen167
))
(c:/texlive/2023/texmf-dist/tex/latex/amsmath/amsbsy.sty
Package: amsbsy 1999/11/29 v1.2d Bold Symbols
\pmbraise@=\dimen168
)
(c:/texlive/2023/texmf-dist/tex/latex/amsmath/amsopn.sty
Package: amsopn 2022/04/08 v2.04 operator names
)
\inf@bad=\count271
LaTeX Info: Redefining \frac on input line 234.
\uproot@=\count272
\leftroot@=\count273
LaTeX Info: Redefining \overline on input line 399.
LaTeX Info: Redefining \colon on input line 410.
\classnum@=\count274
\DOTSCASE@=\count275
LaTeX Info: Redefining \ldots on input line 496.
LaTeX Info: Redefining \dots on input line 499.
LaTeX Info: Redefining \cdots on input line 620.
\Mathstrutbox@=\box57
\strutbox@=\box58
LaTeX Info: Redefining \big on input line 722.
LaTeX Info: Redefining \Big on input line 723.
LaTeX Info: Redefining \bigg on input line 724.
LaTeX Info: Redefining \Bigg on input line 725.
\big@size=\dimen169
LaTeX Font Info:    Redeclaring font encoding OML on input line 743.
LaTeX Font Info:    Redeclaring font encoding OMS on input line 744.
\macc@depth=\count276
LaTeX Info: Redefining \bmod on input line 905.
LaTeX Info: Redefining \pmod on input line 910.
LaTeX Info: Redefining \smash on input line 940.
LaTeX Info: Redefining \relbar on input line 970.
LaTeX Info: Redefining \Relbar on input line 971.
\c@MaxMatrixCols=\count277
\dotsspace@=\muskip16
\c@parentequation=\count278
\dspbrk@lvl=\count279
\tag@help=\toks21
\row@=\count280
\column@=\count281
\maxfields@=\count282
\andhelp@=\toks22
\eqnshift@=\dimen170
\alignsep@=\dimen171
\tagshift@=\dimen172
\tagwidth@=\dimen173
\totwidth@=\dimen174
\lineht@=\dimen175
\@envbody=\toks23
\multlinegap=\skip55
\multlinetaggap=\skip56
\mathdisplay@stack=\toks24
LaTeX Info: Redefining \[ on input line 2953.
LaTeX Info: Redefining \] on input line 2954.
)
(c:/texlive/2023/texmf-dist/tex/latex/amsfonts/amssymb.sty
Package: amssymb 2013/01/14 v3.01 AMS font symbols

(c:/texlive/2023/texmf-dist/tex/latex/amsfonts/amsfonts.sty
Package: amsfonts 2013/01/14 v3.01 Basic AMSFonts support
\symAMSa=\mathgroup4
\symAMSb=\mathgroup5
LaTeX Font Info:    Redeclaring math symbol \hbar on input line 98.
LaTeX Font Info:    Overwriting math alphabet `\mathfrak' in version `bold'
(Font)                  U/euf/m/n --> U/euf/b/n on input line 106.
))
(c:/texlive/2023/texmf-dist/tex/latex/algorithms/algorithmic.sty
Package: algorithmic 2009/08/24 v0.1 Document Style `algorithmic'

(c:/texlive/2023/texmf-dist/tex/latex/base/ifthen.sty
Package: ifthen 2022/04/13 v1.1d Standard LaTeX ifthen package (DPC)
)
\c@ALC@unique=\count283
\c@ALC@line=\count284
\c@ALC@rem=\count285
\c@ALC@depth=\count286
\ALC@tlm=\skip57
\algorithmicindent=\skip58
)
(c:/texlive/2023/texmf-dist/tex/latex/graphics/graphicx.sty
Package: graphicx 2021/09/16 v1.2d Enhanced LaTeX Graphics (DPC,SPQR)
\Gin@req@height=\dimen176
\Gin@req@width=\dimen177
)
(c:/texlive/2023/texmf-dist/tex/latex/base/textcomp.sty
Package: textcomp 2020/02/02 v2.0n Standard LaTeX package
)
(c:/texlive/2023/texmf-dist/tex/latex/l3backend/l3backend-pdftex.def
File: l3backend-pdftex.def 2023-01-16 L3 backend support: PDF output (pdfTeX)
\l__color_backend_stack_int=\count287
\l__pdf_internal_box=\box59
)
(./access.aux)
\openout1 = `access.aux'.

LaTeX Font Info:    Checking defaults for OML/cmm/m/it on input line 9.
LaTeX Font Info:    ... okay on input line 9.
LaTeX Font Info:    Checking defaults for OMS/cmsy/m/n on input line 9.
LaTeX Font Info:    ... okay on input line 9.
LaTeX Font Info:    Checking defaults for OT1/cmr/m/n on input line 9.
LaTeX Font Info:    ... okay on input line 9.
LaTeX Font Info:    Checking defaults for T1/cmr/m/n on input line 9.
LaTeX Font Info:    ... okay on input line 9.
LaTeX Font Info:    Checking defaults for TS1/cmr/m/n on input line 9.
LaTeX Font Info:    ... okay on input line 9.
LaTeX Font Info:    Checking defaults for OMX/cmex/m/n on input line 9.
LaTeX Font Info:    ... okay on input line 9.
LaTeX Font Info:    Checking defaults for U/cmr/m/n on input line 9.
LaTeX Font Info:    ... okay on input line 9.

-- Lines per column: 56 (exact).
LaTeX Font Info:    Trying to load font information for T1+ptm on input line 9.

(c:/texlive/2023/texmf-dist/tex/latex/psnfss/t1ptm.fd
File: t1ptm.fd 2001/06/04 font definitions for T1/ptm.
)

LaTeX Font Warning: Font shape `T1/ptm/n/n' undefined
(Font)              using `T1/ptm/m/n' instead on input line 9.

(c:/texlive/2023/texmf-dist/tex/context/base/mkii/supp-pdf.mkii
[Loading MPS to PDF converter (version 2006.09.02).]
\scratchcounter=\count288
\scratchdimen=\dimen178
\scratchbox=\box60
\nofMPsegments=\count289
\nofMParguments=\count290
\everyMPshowfont=\toks25
\MPscratchCnt=\count291
\MPscratchDim=\dimen179
\MPnumerator=\count292
\makeMPintoPDFobject=\count293
\everyMPtoPDFconversion=\toks26
) (c:/texlive/2023/texmf-dist/tex/latex/epstopdf-pkg/epstopdf-base.sty
Package: epstopdf-base 2020-01-24 v2.11 Base part for package epstopdf
Package epstopdf-base Info: Redefining graphics rule for `.eps' on input line 4
85.

(c:/texlive/2023/texmf-dist/tex/latex/latexconfig/epstopdf-sys.cfg
File: epstopdf-sys.cfg 2010/07/13 v1.3 Configuration of (r)epstopdf for TeX Liv
e
))
<bullet.png, id=3, 12.045pt x 35.38219pt>
File: bullet.png Graphic file (type png)
<use bullet.png>
Package pdftex.def Info: bullet.png  used on input line 35.
(pdftex.def)             Requested size: 5.0pt x 14.6871pt.
LaTeX Font Info:    Trying to load font information for T1+phv on input line 35
.

(c:/texlive/2023/texmf-dist/tex/latex/psnfss/t1phv.fd
File: t1phv.fd 2020/03/25 scalable font definitions for T1/phv.
)

LaTeX Font Warning: Font shape `T1/phv/n/n' undefined
(Font)              using `T1/phv/m/n' instead on input line 35.

LaTeX Font Info:    Trying to load font information for U+msa on input line 38.

(c:/texlive/2023/texmf-dist/tex/latex/amsfonts/umsa.fd
File: umsa.fd 2013/01/14 v3.01 AMS symbols A
)
LaTeX Font Info:    Trying to load font information for U+msb on input line 38.


(c:/texlive/2023/texmf-dist/tex/latex/amsfonts/umsb.fd
File: umsb.fd 2013/01/14 v3.01 AMS symbols B
)
File: bullet.png Graphic file (type png)
<use bullet.png>
Package pdftex.def Info: bullet.png  used on input line 58.
(pdftex.def)             Requested size: 5.0pt x 14.6871pt.

Underfull \hbox (badness 7685) in paragraph at lines 58--63
[]\T1/phv/b/n/10 INDEX TERMS[]  \T1/ptm/n/n/10 En-ter key words or phrases in a
l-pha-bet-i-cal or-der, sep-a-rated by com-
 []


Underfull \hbox (badness 4001) in paragraph at lines 58--63
\T1/ptm/n/n/10 mas. For a list of sug-gested key-words, send a blank e-mail to 
key-words@ieee.org or visit
 []

LaTeX Font Info:    Calculating math sizes for size <9.9> on input line 67.
LaTeX Font Info:    Calculating math sizes for size <6.6> on input line 67.

Overfull \hbox (9.2679pt too wide) in paragraph at lines 67--67
[]  
 []


Overfull \hbox (9.2679pt too wide) in paragraph at lines 67--67
[]  
 []


Overfull \hbox (4.55284pt too wide) in paragraph at lines 71--79
\T1/ptm/n/n/10 site at $[]$
 []


Underfull \hbox (badness 10000) in paragraph at lines 71--79
[]$
 []


Underfull \hbox (badness 2173) in paragraph at lines 71--79
\T1/ptm/n/n/10 If you would pre-fer to use La-TeX, down-load IEEE's
 []


Underfull \hbox (badness 5787) in paragraph at lines 71--79
\T1/ptm/n/n/10 La-TeX style and sam-ple files from the same Web
 []


Underfull \hbox (badness 2134) in paragraph at lines 71--79
\T1/ptm/n/n/10 page. You can also ex-plore us-ing the Over-leaf ed-i-tor
 []


Underfull \hbox (badness 1817) in paragraph at lines 71--79
\T1/ptm/n/n/10 at $[]$
 []


Underfull \hbox (badness 10000) in paragraph at lines 71--79
[]$
 []


Underfull \vbox (badness 5756) has occurred while \output is active []



LaTeX Warning: Reference `eq' on page 1 undefined on input line 98.


LaTeX Warning: Reference `eq' on page 1 undefined on input line 99.


LaTeX Warning: Reference `eq' on page 1 undefined on input line 99.


LaTeX Warning: Reference `eq' on page 1 undefined on input line 100.


Underfull \hbox (badness 1448) in paragraph at lines 96--101
\T1/ptm/n/n/10 mod-i-fiers: ``zero-field-cooled mag-ne-ti-za-tion.'' Avoid dan-

 []

<Logo.png, id=4, 206.27063pt x 53.44969pt>
File: Logo.png Graphic file (type png)
<use Logo.png>
Package pdftex.def Info: Logo.png  used on input line 109.
(pdftex.def)             Requested size: 91.32pt x 23.66309pt.

Overfull \hbox (505.12177pt too wide) has occurred while \output is active
[]
 []


Overfull \hbox (505.12177pt too wide) has occurred while \output is active
[]
 []


Overfull \hbox (505.12177pt too wide) has occurred while \output is active
[]
 []


Underfull \hbox (badness 10000) has occurred while \output is active
[]
 []

[1{c:/texlive/2023/texmf-dist/fonts/enc/dvips/base/8r.enc}


 <./logo.png> <./bullet.png>]

LaTeX Warning: Reference `eq' on page 2 undefined on input line 129.


LaTeX Warning: Reference `eq' on page 2 undefined on input line 137.


LaTeX Warning: Reference `eq' on page 2 undefined on input line 137.


LaTeX Warning: Reference `eq' on page 2 undefined on input line 138.


LaTeX Warning: Reference `eq' on page 2 undefined on input line 138.

LaTeX Font Info:    Trying to load font information for T1+pcr on input line 14
3.
(c:/texlive/2023/texmf-dist/tex/latex/psnfss/t1pcr.fd
File: t1pcr.fd 2001/06/04 font definitions for T1/pcr.
)
LaTeX Font Info:    Trying to load font information for TS1+ptm on input line 1
83.

(c:/texlive/2023/texmf-dist/tex/latex/psnfss/ts1ptm.fd
File: ts1ptm.fd 2001/06/04 font definitions for TS1/ptm.
)

LaTeX Font Warning: Font shape `TS1/ptm/n/n' undefined
(Font)              using `TS1/ptm/m/n' instead
(Font)              for symbol `textonehalf' on input line 183.

<fig1.png, id=16, 249.3315pt x 189.22694pt>
File: fig1.png Graphic file (type png)
<use fig1.png>
Package pdftex.def Info: fig1.png  used on input line 213.
(pdftex.def)             Requested size: 249.33087pt x 189.22647pt.
File: fig1.png Graphic file (type png)
<use fig1.png>
Package pdftex.def Info: fig1.png  used on input line 213.
(pdftex.def)             Requested size: 249.33087pt x 189.22647pt.
<notaglineLogo.png, id=17, 169.38281pt x 42.91031pt>
File: notaglineLogo.png Graphic file (type png)
<use notaglineLogo.png>
Package pdftex.def Info: notaglineLogo.png  used on input line 221.
(pdftex.def)             Requested size: 91.32pt x 23.1352pt.

Overfull \hbox (505.12177pt too wide) has occurred while \output is active
[]
 []


Overfull \hbox (505.12177pt too wide) has occurred while \output is active
[]
 []


Underfull \hbox (badness 10000) has occurred while \output is active
[]
 []

[2 <./notaglinelogo.png>]
Overfull \hbox (11.37274pt too wide) in paragraph at lines 228--229
[]\T1/ptm/n/n/10 A gen-eral IEEE styleguide is avail-able at $[]$
 []


Underfull \hbox (badness 4765) in paragraph at lines 284--285
[]\T1/ptm/m/n/8 1 erg/(G$\OMS/cmsy/m/n/8 ^^A$\T1/ptm/m/n/8 g) $\OT1/cmr/m/n/8 =
$ \T1/ptm/m/n/8 1 emu/g $\OMS/cmsy/m/n/8 !$ \T1/ptm/m/n/8 1
 []


Overfull \hbox (14.32645pt too wide) in paragraph at lines 258--318
[][]
 []

File: notaglineLogo.png Graphic file (type png)
<use notaglineLogo.png>
Package pdftex.def Info: notaglineLogo.png  used on input line 334.
(pdftex.def)             Requested size: 91.32pt x 23.1352pt.

Overfull \hbox (505.12177pt too wide) has occurred while \output is active
[]
 []


Overfull \hbox (505.12177pt too wide) has occurred while \output is active
[]
 []


Underfull \hbox (badness 10000) has occurred while \output is active
[]
 []

[3 <./fig1.png (PNG copy)>]
Underfull \hbox (badness 2020) in paragraph at lines 336--343
\T1/ptm/n/n/10 Most charts, graphs, and ta-bles are one col-umn wide
 []


Underfull \hbox (badness 1946) in paragraph at lines 373--378
\T1/ptm/n/n/10 color space. Grayscale im-ages should be sub-mit-ted in
 []

File: notaglineLogo.png Graphic file (type png)
<use notaglineLogo.png>
Package pdftex.def Info: notaglineLogo.png  used on input line 435.
(pdftex.def)             Requested size: 91.32pt x 23.1352pt.

Overfull \hbox (505.12177pt too wide) has occurred while \output is active
[]
 []


Overfull \hbox (505.12177pt too wide) has occurred while \output is active
[]
 []


Underfull \hbox (badness 10000) has occurred while \output is active
[]
 []

[4]
Underfull \hbox (badness 2799) in paragraph at lines 441--452
\T1/ptm/n/n/10 The IEEE Graph-ics An-a-lyzer en-ables au-thors to pre-
 []


LaTeX Warning: Reference `formats' on page 5 undefined on input line 464.


LaTeX Warning: Citation `b3' on page 5 undefined on input line 506.


LaTeX Warning: Reference `table' on page 5 undefined on input line 538.


Underfull \vbox (badness 5741) has occurred while \output is active []

File: notaglineLogo.png Graphic file (type png)
<use notaglineLogo.png>
Package pdftex.def Info: notaglineLogo.png  used on input line 539.
(pdftex.def)             Requested size: 91.32pt x 23.1352pt.

Overfull \hbox (505.12177pt too wide) has occurred while \output is active
[]
 []


Overfull \hbox (505.12177pt too wide) has occurred while \output is active
[]
 []


Underfull \hbox (badness 10000) has occurred while \output is active
[]
 []

[5]
LaTeX Font Info:    Trying to load font information for TS1+phv on input line 5
57.
 (c:/texlive/2023/texmf-dist/tex/latex/psnfss/ts1phv.fd
File: ts1phv.fd 2020/03/25 scalable font definitions for TS1/phv.
)
Underfull \hbox (badness 4779) in paragraph at lines 558--566
\T1/ptm/n/n/10 Contributions to the Trans-ac-tions, Jour-nals, and Let-
 []


Underfull \hbox (badness 4940) in paragraph at lines 558--566
\T1/ptm/n/n/10 ters may be sub-mit-ted elec-tron-i-cally on IEEE's on-
 []


Underfull \hbox (badness 10000) in paragraph at lines 558--566
\T1/ptm/n/n/10 line manuscript sub-mis-sion and peer-review sys-tem,
 []


Underfull \hbox (badness 4886) in paragraph at lines 558--566
\T1/ptm/n/n/10 Schol-arOne\TS1/ptm/n/n/10 ® \T1/ptm/n/n/10 Manuscripts. You can
 get a list-ing of
 []


Underfull \hbox (badness 10000) in paragraph at lines 558--566
\T1/ptm/n/n/10 the pub-li-ca-tions that par-tic-i-pate in Schol-arOne at
 []


Underfull \hbox (badness 10000) in paragraph at lines 558--566
[]$
 []


Underfull \hbox (badness 7397) in paragraph at lines 606--613
\T1/ptm/n/n/10 Authors must sub-mit an elec-tronic IEEE Copy-right
 []


Underfull \hbox (badness 10000) in paragraph at lines 606--613
\T1/ptm/n/n/10 Form (eCF) upon sub-mit-ting their fi-nal manuscript
 []


Underfull \hbox (badness 4242) in paragraph at lines 606--613
\T1/ptm/n/n/10 files. You can ac-cess the eCF sys-tem through your
 []


Underfull \hbox (badness 3872) in paragraph at lines 606--613
\T1/ptm/n/n/10 manuscript sub-mis-sion sys-tem or through the Au-thor
 []


Underfull \hbox (badness 3189) in paragraph at lines 606--613
\T1/ptm/n/n/10 Gate-way. You are re-spon-si-ble for ob-tain-ing any nec-
 []


Underfull \hbox (badness 3189) in paragraph at lines 606--613
\T1/ptm/n/n/10 es-sary ap-provals and/or se-cu-rity clear-ances. For ad-di-
 []


Underfull \hbox (badness 3492) in paragraph at lines 606--613
\T1/ptm/n/n/10 at $[]$
 []

File: notaglineLogo.png Graphic file (type png)
<use notaglineLogo.png>
Package pdftex.def Info: notaglineLogo.png  used on input line 636.
(pdftex.def)             Requested size: 91.32pt x 23.1352pt.

Overfull \hbox (505.12177pt too wide) has occurred while \output is active
[]
 []


Overfull \hbox (505.12177pt too wide) has occurred while \output is active
[]
 []


Underfull \hbox (badness 10000) has occurred while \output is active
[]
 []

[6]

LaTeX Warning: Citation `b1' on page 7 undefined on input line 659.


LaTeX Warning: Citation `b2' on page 7 undefined on input line 659.


LaTeX Warning: Citation `b3' on page 7 undefined on input line 663.


LaTeX Warning: Citation `b5' on page 7 undefined on input line 663.


LaTeX Warning: Citation `b6' on page 7 undefined on input line 667.


LaTeX Warning: Citation `b7' on page 7 undefined on input line 667.


LaTeX Warning: Citation `b8' on page 7 undefined on input line 671.


LaTeX Warning: Citation `b9' on page 7 undefined on input line 671.


LaTeX Warning: Citation `b10' on page 7 undefined on input line 678.


LaTeX Warning: Citation `b13' on page 7 undefined on input line 678.


LaTeX Warning: Citation `b14' on page 7 undefined on input line 682.


LaTeX Warning: Citation `b16' on page 7 und